<?xml version="1.0" encoding="UTF-8"?>
<!-- Generated by org.testng.reporters.JUnitReportReporter -->
<testsuite hostname="WIN-PPQ5E7M2C6T" failures="0" tests="1" name="tests.common.SearchFlatTest" time="2.708" errors="0" timestamp="2022-10-01T00:20:37 MSK" skipped="0">
  <testcase classname="tests.common.SearchFlatTest" name="checkIsRedirectToListing" time="2.708"/>
  <system-out/>
</testsuite> <!-- tests.common.SearchFlatTest -->
