<?xml version="1.0" encoding="UTF-8"?>
<!-- Generated by org.testng.reporters.JUnitReportReporter -->
<testsuite hostname="WIN-PPQ5E7M2C6T" failures="0" tests="1" name="tests.searchflats.SearchFlatTest" time="4.294" errors="0" timestamp="2022-09-01T20:58:09 MSK" skipped="0">
  <testcase classname="tests.searchflats.SearchFlatTest" name="checkIsRedirectToListing" time="4.294"/>
  <system-out/>
</testsuite> <!-- tests.searchflats.SearchFlatTest -->
