<?xml version="1.0" encoding="UTF-8"?>
<!-- Generated by org.testng.reporters.JUnitReportReporter -->
<testsuite hostname="WIN-PPQ5E7M2C6T" failures="0" tests="3" name="tests.common.SOUTTest" time="0.000" errors="0" timestamp="2022-09-26T15:33:40 MSK" skipped="0">
  <testcase classname="tests.common.SOUTTest" name="SOUTTest" time="0.000"/>
  <system-out/>
  <testcase classname="tests.common.SOUTTest" name="SOUTTest" time="0.000"/>
  <system-out/>
  <testcase classname="tests.common.SOUTTest" name="SOUTTest" time="0.000"/>
  <system-out/>
</testsuite> <!-- tests.common.SOUTTest -->
