<?xml version="1.0" encoding="UTF-8"?>
<!-- Generated by org.testng.reporters.JUnitReportReporter -->
<testsuite hostname="WIN-PPQ5E7M2C6T" failures="0" tests="1" name="tests.common.EuroCurrencyTest" time="3.250" errors="0" timestamp="2022-09-26T15:33:40 MSK" skipped="0">
  <testcase classname="tests.common.EuroCurrencyTest" name="checkEuroCurrencyIsChosen" time="3.250"/>
  <system-out/>
</testsuite> <!-- tests.common.EuroCurrencyTest -->
