<?xml version="1.0" encoding="UTF-8"?>
<!-- Generated by org.testng.reporters.JUnitReportReporter -->
<testsuite hostname="WIN-PPQ5E7M2C6T" failures="0" tests="1" name="tests.common.LoginTest" time="5.130" errors="0" timestamp="2022-10-01T00:20:37 MSK" skipped="0">
  <testcase classname="tests.common.LoginTest" name="checkLoginIsSuccessful" time="5.130"/>
  <system-out/>
</testsuite> <!-- tests.common.LoginTest -->
