<?xml version="1.0" encoding="UTF-8"?>
<!-- Generated by org.testng.reporters.JUnitReportReporter -->
<testsuite hostname="WIN-PPQ5E7M2C6T" failures="0" tests="1" name="tests.common.FlatSaleTest" time="8.039" errors="0" timestamp="2022-10-01T00:20:37 MSK" skipped="0">
  <testcase classname="tests.common.FlatSaleTest" name="errorMessageIsAppearedForUnverifiedPhone" time="8.039"/>
  <system-out/>
</testsuite> <!-- tests.common.FlatSaleTest -->
