<?xml version="1.0" encoding="UTF-8"?>
<!-- Generated by org.testng.reporters.JUnitReportReporter -->
<testsuite hostname="WIN-PPQ5E7M2C6T" failures="0" tests="1" name="tests.common.EuroCurrencyTest" time="2.775" errors="0" timestamp="2022-10-01T00:20:37 MSK" skipped="0">
  <testcase classname="tests.common.EuroCurrencyTest" name="checkEuroCurrencyIsChosen" time="2.775"/>
  <system-out/>
</testsuite> <!-- tests.common.EuroCurrencyTest -->
