<?xml version="1.0" encoding="UTF-8"?>
<!-- Generated by org.testng.reporters.JUnitReportReporter -->
<testsuite hostname="WIN-PPQ5E7M2C6T" failures="0" tests="1" name="tests.common.SearchFlatTest" time="2.895" errors="0" timestamp="2022-09-26T15:33:40 MSK" skipped="0">
  <testcase classname="tests.common.SearchFlatTest" name="checkIsRedirectToListing" time="2.895"/>
  <system-out/>
</testsuite> <!-- tests.common.SearchFlatTest -->
