<?xml version="1.0" encoding="UTF-8"?>
<!-- Generated by org.testng.reporters.JUnitReportReporter -->
<testsuite hostname="WIN-PPQ5E7M2C6T" failures="0" tests="1" name="tests.searchflats.LoginTest" time="5.663" errors="0" timestamp="2022-09-01T20:58:09 MSK" skipped="0">
  <testcase classname="tests.searchflats.LoginTest" name="checkLoginIsSuccessful" time="5.663"/>
  <system-out/>
</testsuite> <!-- tests.searchflats.LoginTest -->
